<?xml version="1.0" encoding="UTF-8"?>
<!-- Generated by org.testng.reporters.JUnitReportReporter -->
<testsuite skipped="0" hostname="GIND04LX6R5G5Q2" name="com.travels.qa.testcases.CarsBooking_Testcase" tests="1" failures="0" timestamp="29 Nov 2018 07:49:01 GMT" time="23.822" errors="0">
  <testcase name="booking_car" time="23.822" classname="com.travels.qa.testcases.CarsBooking_Testcase"/>
</testsuite> <!-- com.travels.qa.testcases.CarsBooking_Testcase -->
