<?xml version="1.0" encoding="UTF-8"?>
<!-- Generated by org.testng.reporters.JUnitReportReporter -->
<testsuite skipped="0" hostname="GIND04LX6R5G5Q2" name="com.travels.qa.testcases.Blog_Testcase" tests="4" failures="0" timestamp="29 Nov 2018 07:49:01 GMT" time="102.602" errors="0">
  <testcase name="Content_through_searchbar" time="15.357" classname="com.travels.qa.testcases.Blog_Testcase"/>
  <testcase name="Content_on_the_page" time="51.265" classname="com.travels.qa.testcases.Blog_Testcase"/>
  <testcase name="No_Content_through_searchbar" time="15.500" classname="com.travels.qa.testcases.Blog_Testcase"/>
  <testcase name="Side_menu_of_blog" time="20.480" classname="com.travels.qa.testcases.Blog_Testcase"/>
</testsuite> <!-- com.travels.qa.testcases.Blog_Testcase -->
