<?xml version="1.0" encoding="UTF-8"?>
<!-- Generated by org.testng.reporters.JUnitReportReporter -->
<testsuite skipped="0" hostname="GIND04LX6R5G5Q2" name="com.travels.qa.testcases.Login_Testcase" tests="6" failures="0" timestamp="29 Nov 2018 07:49:02 GMT" time="90.177" errors="0">
  <testcase name="Signup_through_login_page_and_logout" time="17.017" classname="com.travels.qa.testcases.Login_Testcase"/>
  <testcase name="Error_Message_On_login_click_if_both_textfields_are_entered_not_present_In_Database" time="14.581" classname="com.travels.qa.testcases.Login_Testcase"/>
  <testcase name="Signup_through_login_page" time="16.198" classname="com.travels.qa.testcases.Login_Testcase"/>
  <testcase name="Error_Message_On_login_click_if_both_textfields_are_empty" time="13.380" classname="com.travels.qa.testcases.Login_Testcase"/>
  <testcase name="Text_Inside_The_TextBoxes" time="14.577" classname="com.travels.qa.testcases.Login_Testcase"/>
  <testcase name="Verifying_text_field_titles" time="14.424" classname="com.travels.qa.testcases.Login_Testcase"/>
</testsuite> <!-- com.travels.qa.testcases.Login_Testcase -->
