<?xml version="1.0" encoding="UTF-8"?>
<!-- Generated by org.testng.reporters.JUnitReportReporter -->
<testsuite skipped="0" hostname="GIND04LX6R5G5Q2" name="com.travels.qa.testcases.Account_Testcase" tests="2" failures="0" timestamp="29 Nov 2018 07:49:01 GMT" time="37.749" errors="0">
  <testcase name="Details_Entry_Of_Users_Profile" time="19.728" classname="com.travels.qa.testcases.Account_Testcase"/>
  <testcase name="Logo_Click_Navigates_to_Homescreen" time="18.021" classname="com.travels.qa.testcases.Account_Testcase"/>
</testsuite> <!-- com.travels.qa.testcases.Account_Testcase -->
