<?xml version="1.0" encoding="UTF-8"?>
<!-- Generated by org.testng.reporters.JUnitReportReporter -->
<testsuite skipped="0" hostname="GIND04LX6R5G5Q2" name="com.travels.qa.testcases.HotelConfirmation_Testcase" tests="3" failures="0" timestamp="29 Nov 2018 07:49:02 GMT" time="100.361" errors="0">
  <testcase name="make_a_note_while_ordering" time="35.626" classname="com.travels.qa.testcases.HotelConfirmation_Testcase"/>
  <testcase name="book_with_invalid_user" time="32.996" classname="com.travels.qa.testcases.HotelConfirmation_Testcase"/>
  <testcase name="booking_as_a_guest" time="31.739" classname="com.travels.qa.testcases.HotelConfirmation_Testcase"/>
</testsuite> <!-- com.travels.qa.testcases.HotelConfirmation_Testcase -->
