<?xml version="1.0" encoding="UTF-8"?>
<!-- Generated by org.testng.reporters.JUnitReportReporter -->
<testsuite skipped="0" hostname="GIND04LX6R5G5Q2" name="com.travels.qa.testcases.CarsInvoice_Testcase" tests="4" failures="0" timestamp="29 Nov 2018 07:49:01 GMT" time="156.230" errors="0">
  <testcase name="Invoice_Visibility" time="30.936" classname="com.travels.qa.testcases.CarsInvoice_Testcase"/>
  <testcase name="payement_on_arrival" time="39.118" classname="com.travels.qa.testcases.CarsInvoice_Testcase"/>
  <testcase name="payment_on_arrival_when_SignedUp" time="37.381" classname="com.travels.qa.testcases.CarsInvoice_Testcase"/>
  <testcase name="payment_Now" time="48.795" classname="com.travels.qa.testcases.CarsInvoice_Testcase"/>
</testsuite> <!-- com.travels.qa.testcases.CarsInvoice_Testcase -->
