<?xml version="1.0" encoding="UTF-8"?>
<!-- Generated by org.testng.reporters.JUnitReportReporter -->
<testsuite skipped="0" hostname="GIND04LX6R5G5Q2" name="com.travels.qa.testcases.TourBooking_Testcase" tests="2" failures="0" timestamp="29 Nov 2018 07:49:01 GMT" time="55.458" errors="0">
  <testcase name="Date_Change_Of_the_Tour" time="31.118" classname="com.travels.qa.testcases.TourBooking_Testcase"/>
  <testcase name="booking_tour" time="24.340" classname="com.travels.qa.testcases.TourBooking_Testcase"/>
</testsuite> <!-- com.travels.qa.testcases.TourBooking_Testcase -->
