<?xml version="1.0" encoding="UTF-8"?>
<!-- Generated by org.testng.reporters.JUnitReportReporter -->
<testsuite skipped="0" hostname="GIND04LX6R5G5Q2" name="com.travels.qa.testcases.Cars_Testcase" tests="3" failures="0" timestamp="29 Nov 2018 07:49:01 GMT" time="58.690" errors="0">
  <testcase name="Cars_Checkbox_Filter" time="17.822" classname="com.travels.qa.testcases.Cars_Testcase"/>
  <testcase name="Navigating_to_Cars_booking" time="23.245" classname="com.travels.qa.testcases.Cars_Testcase"/>
  <testcase name="Cars_Filter" time="17.623" classname="com.travels.qa.testcases.Cars_Testcase"/>
</testsuite> <!-- com.travels.qa.testcases.Cars_Testcase -->
