<?xml version="1.0" encoding="UTF-8"?>
<!-- Generated by org.testng.reporters.JUnitReportReporter -->
<testsuite skipped="0" hostname="GIND04LX6R5G5Q2" name="com.travels.qa.testcases.TourConfirmation_Testcase" tests="3" failures="0" timestamp="29 Nov 2018 07:49:02 GMT" time="91.306" errors="0">
  <testcase name="booking_as_a_guest" time="31.735" classname="com.travels.qa.testcases.TourConfirmation_Testcase"/>
  <testcase name="make_a_note_while_ordering" time="29.703" classname="com.travels.qa.testcases.TourConfirmation_Testcase"/>
  <testcase name="book_with_invalid_user" time="29.868" classname="com.travels.qa.testcases.TourConfirmation_Testcase"/>
</testsuite> <!-- com.travels.qa.testcases.TourConfirmation_Testcase -->
