<?xml version="1.0" encoding="UTF-8"?>
<!-- Generated by org.testng.reporters.JUnitReportReporter -->
<testsuite skipped="0" hostname="GIND04LX6R5G5Q2" name="com.travels.qa.testcases.HotelInvoice_Testcase" tests="4" failures="0" timestamp="29 Nov 2018 07:49:01 GMT" time="165.188" errors="0">
  <testcase name="payment_on_arrival_when_SignedUp" time="41.727" classname="com.travels.qa.testcases.HotelInvoice_Testcase"/>
  <testcase name="payment_Now" time="58.956" classname="com.travels.qa.testcases.HotelInvoice_Testcase"/>
  <testcase name="payement_on_arrival" time="32.473" classname="com.travels.qa.testcases.HotelInvoice_Testcase"/>
  <testcase name="Invoice_Visibility" time="32.032" classname="com.travels.qa.testcases.HotelInvoice_Testcase"/>
</testsuite> <!-- com.travels.qa.testcases.HotelInvoice_Testcase -->
