<?xml version="1.0" encoding="UTF-8"?>
<!-- Generated by org.testng.reporters.JUnitReportReporter -->
<testsuite skipped="0" hostname="GIND04LX6R5G5Q2" name="com.travels.qa.testcases.Offers_Testcase" tests="2" failures="0" timestamp="29 Nov 2018 07:49:02 GMT" time="47.854" errors="0">
  <testcase name="Offer_reading" time="28.585" classname="com.travels.qa.testcases.Offers_Testcase"/>
  <testcase name="Offer_acceptance" time="19.269" classname="com.travels.qa.testcases.Offers_Testcase"/>
</testsuite> <!-- com.travels.qa.testcases.Offers_Testcase -->
