<?xml version="1.0" encoding="UTF-8"?>
<!-- Generated by org.testng.reporters.JUnitReportReporter -->
<testsuite skipped="0" hostname="GIND04LX6R5G5Q2" name="com.travels.qa.testcases.SignUpPage_Testcase" tests="15" failures="0" timestamp="29 Nov 2018 07:49:01 GMT" time="235.995" errors="0">
  <testcase name="Matching_the_Actual_with_Expected_errors_if_confirmpassword_is_Entered" time="15.388" classname="com.travels.qa.testcases.SignUpPage_Testcase"/>
  <testcase name="Filling_the_Form_Of_SignUp" time="15.793" classname="com.travels.qa.testcases.SignUpPage_Testcase"/>
  <testcase name="Matching_the_Actual_with_Expected_errors_if_password_is_Entered" time="13.973" classname="com.travels.qa.testcases.SignUpPage_Testcase"/>
  <testcase name="Matching_the_Actual_with_Expected_errors_if_mismatched_confirmpassword_and_Password_is_Entered" time="13.529" classname="com.travels.qa.testcases.SignUpPage_Testcase"/>
  <testcase name="Matching_the_Actual_with_Expected_errors_if_email_is_Entered" time="14.960" classname="com.travels.qa.testcases.SignUpPage_Testcase"/>
  <testcase name="Matching_the_Actual_with_Expected_errors_if_firstname_is_Entered" time="16.082" classname="com.travels.qa.testcases.SignUpPage_Testcase"/>
  <testcase name="Title_Of_The_TextBoxes" time="12.965" classname="com.travels.qa.testcases.SignUpPage_Testcase"/>
  <testcase name="GooglePlayButton_navigates_to_GooglePlayStore" time="23.501" classname="com.travels.qa.testcases.SignUpPage_Testcase"/>
  <testcase name="Matching_the_Actual_with_Expected_errors_if_lastname_is_Entered" time="14.676" classname="com.travels.qa.testcases.SignUpPage_Testcase"/>
  <testcase name="Clicking_the_Subscription_Button_If_User_Already_Exists" time="23.374" classname="com.travels.qa.testcases.SignUpPage_Testcase"/>
  <testcase name="AppStoreButton_navigates_to_ConnectingToAppStore" time="17.283" classname="com.travels.qa.testcases.SignUpPage_Testcase"/>
  <testcase name="Text_Inside_The_TextBoxes" time="12.421" classname="com.travels.qa.testcases.SignUpPage_Testcase"/>
  <testcase name="Matching_the_Actual_with_Expected_errors_if_matched_confirmpassword_and_Password_is_Entered" time="13.878" classname="com.travels.qa.testcases.SignUpPage_Testcase"/>
  <testcase name="Matching_the_Actual_with_Expected_errors_if_no_textfield_is_Entered" time="13.415" classname="com.travels.qa.testcases.SignUpPage_Testcase"/>
  <testcase name="Clicking_the_Subscription_Button" time="14.757" classname="com.travels.qa.testcases.SignUpPage_Testcase"/>
</testsuite> <!-- com.travels.qa.testcases.SignUpPage_Testcase -->
